Epoch,TrainError,ValidError,TestError
1,75.26351,37.60201,44.3389
2,25.45342,14.48982,24.1330
3,14.67073,7.37243,16.5558
4,6.65674,7.16844,15.7007
5,4.57665,4.59185,13.1512
6,2.82256,3.23986,11.4885
7,2.08577,3.21437,11.6152
8,1.71458,2.11738,10.6017
9,1.24409,1.88789,10.1821
10,0.844510,1.632710,10.6888
11,0.892711,1.811211,10.5067
12,0.527112,1.785712,10.2771
13,0.331613,1.785713,10.1504
14,0.328714,1.199014,10.3405
15,0.274915,1.428615,10.1425
16,0.396716,1.709216,10.3642
17,0.371217,1.403117,10.9264
18,0.232418,1.352018,9.8733
19,0.206919,1.811219,10.5305
20,0.589420,1.556120,10.5067
21,0.439221,1.377621,9.8100
22,0.116222,0.969422,9.5883
23,0.031223,0.790823,9.4220
24,0.011324,0.816324,9.3428
25,0.002825,0.790825,9.3428
26,0.002826,0.816326,9.2716
27,0.002827,0.816327,9.2795
28,0.000028,0.816328,9.2637
29,0.000029,0.816329,9.2874
30,0.000030,0.841830,9.3032
31,0.000031,0.841831,9.3191
32,0.000032,0.841832,9.2953
33,0.000033,0.841833,9.2874
34,0.000034,0.790834,9.2716
35,0.000035,0.790835,9.2557
36,0.000036,0.816336,9.2637
37,0.000037,0.816337,9.2399
38,0.000038,0.816338,9.2399
39,0.000039,0.867339,9.2320
40,0.000040,0.867340,9.2241
41,0.000041,0.892941,9.2716
42,0.000042,0.892942,9.2795
43,0.000043,0.918443,9.3032
44,0.000044,0.918444,9.3191
45,0.000045,0.943945,9.3032
46,0.000046,0.943946,9.2874
47,0.000047,0.943947,9.2953
48,0.000048,0.943948,9.3032
49,0.000049,0.943949,9.2953
50,0.000050,0.943950,9.2874
51,0.000051,0.943951,9.3191
52,0.000052,0.943952,9.3270
53,0.000053,0.943953,9.3349
54,0.000054,0.943954,9.3428
55,0.000055,0.943955,9.3508
56,0.000056,0.943956,9.3587
57,0.000057,0.943957,9.3508
58,0.000058,0.943958,9.3508
59,0.000059,0.943959,9.3508
60,0.000060,0.943960,9.3587
61,0.000061,0.943961,9.3587
62,0.000062,0.943962,9.3587
63,0.000063,0.943963,9.3666
64,0.000064,0.943964,9.3666
65,0.000065,0.943965,9.3824
66,0.000066,0.918466,9.3903
67,0.000067,0.918467,9.4141
68,0.000068,0.918468,9.4062
69,0.000069,0.918469,9.4458
70,0.000070,0.918470,9.4695
71,0.000071,0.943971,9.4458
72,0.000072,0.918472,9.4537
73,0.000073,0.943973,9.4616
74,0.000074,0.918474,9.4695
75,0.000075,0.918475,9.4695
76,0.000076,0.918476,9.4774
77,0.000077,0.892977,9.4695
78,0.000078,0.918478,9.4616
79,0.000079,0.892979,9.4695
80,0.000080,0.892980,9.4774
81,0.000081,0.892981,9.4854
82,0.000082,0.892982,9.5012
83,0.000083,0.892983,9.4854
84,0.000084,0.892984,9.5012
85,0.000085,0.892985,9.5091
86,0.000086,0.892986,9.5012
87,0.000087,0.892987,9.5170
88,0.000088,0.892988,9.5249
89,0.000089,0.892989,9.5249
90,0.000090,0.892990,9.5170
91,0.000091,0.892991,9.5170
92,0.000092,0.892992,9.5091
93,0.000093,0.918493,9.5012
94,0.000094,0.918494,9.5091
95,0.000095,0.918495,9.5170
96,0.000096,0.892996,9.5329
97,0.000097,0.918497,9.5170
98,0.000098,0.892998,9.5329
99,0.000099,0.918499,9.5249
100,0.0000100,0.9184100,9.5249
101,0.0000101,0.9184101,9.5329
102,0.0000102,0.9184102,9.5329
103,0.0000103,0.9184103,9.5329
104,0.0000104,0.9184104,9.5249
105,0.0000105,0.9184105,9.5329
106,0.0000106,0.9184106,9.5329
107,0.0000107,0.9184107,9.5170
108,0.0000108,0.9184108,9.5249
109,0.0000109,0.9184109,9.5170
110,0.0000110,0.9184110,9.5249
111,0.0000111,0.9184111,9.5249
112,0.0000112,0.9184112,9.5249
113,0.0000113,0.9184113,9.5170
114,0.0000114,0.9184114,9.5170
115,0.0000115,0.9184115,9.5170
116,0.0000116,0.9184116,9.5170
117,0.0000117,0.9184117,9.5170
118,0.0000118,0.9184118,9.5249
119,0.0000119,0.9184119,9.5329
120,0.0000120,0.9184120,9.5329
121,0.0000121,0.9184121,9.5329
122,0.0000122,0.9184122,9.5249
123,0.0000123,0.9184123,9.5408
124,0.0000124,0.9184124,9.5408
125,0.0000125,0.9184125,9.5408
126,0.0000126,0.9184126,9.5408
127,0.0000127,0.9184127,9.5408
128,0.0000128,0.9184128,9.5487
129,0.0000129,0.9184129,9.5408
130,0.0000130,0.9184130,9.5487
131,0.0000131,0.9184131,9.5566
132,0.0000132,0.9184132,9.5408
133,0.0000133,0.9184133,9.5487
134,0.0000134,0.9184134,9.5487
135,0.0000135,0.9439135,9.5487
136,0.0000136,0.9439136,9.5487
137,0.0000137,0.9184137,9.5487
138,0.0000138,0.9439138,9.5487
139,0.0000139,0.9439139,9.5487
140,0.0000140,0.9439140,9.5566
141,0.0000141,0.9439141,9.5487
142,0.0000142,0.9439142,9.5408
143,0.0000143,0.9439143,9.5487
144,0.0000144,0.9439144,9.5408
145,0.0000145,0.9439145,9.5566
146,0.0000146,0.9439146,9.5487
147,0.0000147,0.9439147,9.5566
148,0.0000148,0.9439148,9.5645
149,0.0000149,0.9439149,9.5566
150,0.0000150,0.9439150,9.5645
151,0.0000151,0.9439151,9.5645
152,0.0000152,0.9439152,9.5645
153,0.0000153,0.9439153,9.5645
154,0.0000154,0.9439154,9.5804
155,0.0000155,0.9439155,9.5724
156,0.0000156,0.9439156,9.5962
157,0.0000157,0.9439157,9.5883
158,0.0000158,0.9439158,9.5883
159,0.0000159,0.9439159,9.5962
160,0.0000160,0.9439160,9.5962
161,0.0000161,0.9439161,9.5962
162,0.0000162,0.9439162,9.5962
163,0.0000163,0.9184163,9.5962
164,0.0000164,0.9439164,9.5962
165,0.0000165,0.9184165,9.5962
166,0.0000166,0.9184166,9.5962
167,0.0000167,0.9184167,9.5962
168,0.0000168,0.9184168,9.5962
169,0.0000169,0.9184169,9.5962
170,0.0000170,0.9184170,9.6041
171,0.0000171,0.9184171,9.5962
172,0.0000172,0.9184172,9.5962
173,0.0000173,0.9184173,9.6041
174,0.0000174,0.9184174,9.6041
175,0.0000175,0.9184175,9.5962
176,0.0000176,0.9184176,9.6041
177,0.0000177,0.9184177,9.6041
178,0.0000178,0.9184178,9.5883
179,0.0000179,0.9184179,9.5962
180,0.0000180,0.9184180,9.5962
181,0.0000181,0.9184181,9.5962
182,0.0000182,0.9184182,9.5962
183,0.0000183,0.9184183,9.5962
184,0.0000184,0.9184184,9.6041
185,0.0000185,0.9184185,9.6041
186,0.0000186,0.9184186,9.6041
187,0.0000187,0.9184187,9.6041
188,0.0000188,0.9184188,9.5962
189,0.0000189,0.9184189,9.5962
190,0.0000190,0.9184190,9.5962
191,0.0000191,0.9184191,9.5883
192,0.0000192,0.9184192,9.5883
193,0.0000193,0.9184193,9.5883
194,0.0000194,0.9184194,9.5962
195,0.0000195,0.9184195,9.5962
196,0.0000196,0.9184196,9.5962
197,0.0000197,0.9184197,9.5962
198,0.0000198,0.9184198,9.5962
199,0.0000199,0.9184199,9.5962
200,0.0000200,0.9184200,9.5962
